#
# A fatal error has been detected by the Java Runtime Environment:
#
#  SIGSEGV (0xb) at pc=0x00007f3f19c313b8, pid=6741, tid=0x00007f3f0420d700
#
# JRE version: OpenJDK Runtime Environment (8.0_162-b12) (build 1.8.0_162-b12)
# Java VM: OpenJDK 64-Bit Server VM (25.162-b12 mixed mode linux-amd64 compressed oops)
# Problematic frame:
# V  [libjvm.so+0x6b73b8]
#
# Core dump written. Default location: /home/torben/cloud/data/public/project/repository/bashlink/core or core.6741
#
# If you would like to submit a bug report, please visit:
#   http://bugreport.java.com/bugreport/crash.jsp
#

---------------  T H R E A D  ---------------

Current thread (0x00007f3f14028000):  GCTaskThread [stack: 0x00007f3f0410e000,0x00007f3f0420e000] [id=6748]

siginfo: si_signo: 11 (SIGSEGV), si_code: 1 (SEGV_MAPERR), si_addr: 0x0000000000000100

Registers:
RAX=0x0000000000000000, RBX=0x00007f3f0420cd30, RCX=0x00007f3f0420cd50, RDX=0x0000000000000000
RSP=0x00007f3f0420c670, RBP=0x00007f3f0420c6a0, RSI=0x00007f3f0420cd30, RDI=0x0000000000000000
R8 =0x00007f3f0483ea8f, R9 =0x0000000000000003, R10=0x00000006c7f40000, R11=0x0000000000000600
R12=0x0000000000000000, R13=0x0000000000000000, R14=0x0000000000000000, R15=0x00007f3f0420cd30
RIP=0x00007f3f19c313b8, EFLAGS=0x0000000000010202, CSGSFS=0x002b000000000033, ERR=0x0000000000000004
  TRAPNO=0x000000000000000e

Top of Stack: (sp=0x00007f3f0420c670)
0x00007f3f0420c670:   0000000000000000 00007f3f0420cd30
0x00007f3f0420c680:   00007f3f144ef000 00007f3f14055380
0x00007f3f0420c690:   0000000000000000 00007f3f0420cd50
0x00007f3f0420c6a0:   00007f3f0420cd20 00007f3f19fb0ea8
0x00007f3f0420c6b0:   00007f3f14028000 00007f3f0420c6c0
0x00007f3f0420c6c0:   00007f3f00f96a18 00007f3f050004e7
0x00007f3f0420c6d0:   00007f3f050003d0 0000000000000000
0x00007f3f0420c6e0:   00007f3f00f96a90 00007f3f00f96a28
0x00007f3f0420c6f0:   00007f3f00f96a18 00007f3f050004e7
0x00007f3f0420c700:   00007f3f050003d0 0000000000000000
0x00007f3f0420c710:   00007f3f00f96a90 00007f3f00f96a28
0x00007f3f0420c720:   00007f3f1b2ee758 00007f3f1b2ee75c
0x00007f3f0420c730:   00007f3f1b2ee750 00007f3f1b2ee754
0x00007f3f0420c740:   00007f3f1b2ee748 00007f3f1b2ee74c
0x00007f3f0420c750:   00007f3f1b2ee740 00007f3f1b2ee744
0x00007f3f0420c760:   0000000000000000 0000000000000000
0x00007f3f0420c770:   00007f3f00f96a08 00007f3f00f96a08
0x00007f3f0420c780:   00007f3f1b2ee728 00007f3f1b2ee72c
0x00007f3f0420c790:   00007f3f1b2ee720 00007f3f1b2ee724
0x00007f3f0420c7a0:   00007f3f1b2ee718 00007f3f1b2ee71c
0x00007f3f0420c7b0:   00007f3f1b2ee710 00007f3f1b2ee714
0x00007f3f0420c7c0:   00007f3f1b2ee708 00007f3f1b2ee70c
0x00007f3f0420c7d0:   00007f3f1b2ee700 00007f3f1b2ee704
0x00007f3f0420c7e0:   00007f3f1b2ee6f8 00007f3f1b2ee6fc
0x00007f3f0420c7f0:   00007f3f1b2ee6f0 00007f3f1b2ee6f4
0x00007f3f0420c800:   00007f3f1b2ee6e8 00007f3f1b2ee6ec
0x00007f3f0420c810:   00007f3f1b2ee6e0 00007f3f1b2ee6e4
0x00007f3f0420c820:   0000000000000000 0000000000000000
0x00007f3f0420c830:   0000000000000000 0000000000000000
0x00007f3f0420c840:   0000000000000000 0000000000000000
0x00007f3f0420c850:   0000000000000000 0000000000000000
0x00007f3f0420c860:   0000000000000000 0000000000000000 

Instructions: (pc=0x00007f3f19c313b8)
0x00007f3f19c31398:   41 55 41 54 49 89 fd 53 49 89 f7 48 83 ec 08 66
0x00007f3f19c313a8:   0f 1f 84 00 00 00 00 00 4d 89 ec 0f 1f 44 00 00
0x00007f3f19c313b8:   41 8b b4 24 00 01 00 00 85 f6 7e 68 4d 8d 74 24
0x00007f3f19c313c8:   f8 bb 01 00 00 00 66 90 49 8b 44 dc f8 48 85 c0 

Register to memory mapping:

RAX=0x0000000000000000 is an unknown value
RBX=0x00007f3f0420cd30 is an unknown value
RCX=0x00007f3f0420cd50 is an unknown value
RDX=0x0000000000000000 is an unknown value
RSP=0x00007f3f0420c670 is an unknown value
RBP=0x00007f3f0420c6a0 is an unknown value
RSI=0x00007f3f0420cd30 is an unknown value
RDI=0x0000000000000000 is an unknown value
R8 =0x00007f3f0483ea8f is an unknown value
R9 =0x0000000000000003 is an unknown value
R10=0x00000006c7f40000 is pointing into object: 0x00000006c7f3fc18
[C 
 - klass: {type array char}
 - length: 8192
R11=0x0000000000000600 is an unknown value
R12=0x0000000000000000 is an unknown value
R13=0x0000000000000000 is an unknown value
R14=0x0000000000000000 is an unknown value
R15=0x00007f3f0420cd30 is an unknown value


Stack: [0x00007f3f0410e000,0x00007f3f0420e000],  sp=0x00007f3f0420c670,  free space=1017k
Native frames: (J=compiled Java code, j=interpreted, Vv=VM code, C=native code)
V  [libjvm.so+0x6b73b8]
V  [libjvm.so+0xa36ea8]
V  [libjvm.so+0x953b46]
V  [libjvm.so+0x5b3b86]
V  [libjvm.so+0x8d8432]


---------------  P R O C E S S  ---------------

Java Threads: ( => current thread )
  0x00007f3f144ef000 JavaThread "HandshakeCompletedNotify-Thread" [_thread_blocked, id=9957, stack(0x00007f3efafca000,0x00007f3efb0cb000)]
  0x00007f3f14219000 JavaThread "Service Thread" daemon [_thread_blocked, id=6759, stack(0x00007f3f00574000,0x00007f3f00675000)]
  0x00007f3f1420e000 JavaThread "C1 CompilerThread3" daemon [_thread_blocked, id=6758, stack(0x00007f3f00676000,0x00007f3f00776000)]
  0x00007f3f1420c000 JavaThread "C2 CompilerThread2" daemon [_thread_blocked, id=6757, stack(0x00007f3f00777000,0x00007f3f00877000)]
  0x00007f3f1420a000 JavaThread "C2 CompilerThread1" daemon [_thread_blocked, id=6756, stack(0x00007f3f00878000,0x00007f3f00978000)]
  0x00007f3f14207800 JavaThread "C2 CompilerThread0" daemon [_thread_blocked, id=6755, stack(0x00007f3f00979000,0x00007f3f00a79000)]
  0x00007f3f14206000 JavaThread "Signal Dispatcher" daemon [_thread_blocked, id=6754, stack(0x00007f3f00a79000,0x00007f3f00b7a000)]
  0x00007f3f141d3000 JavaThread "Finalizer" daemon [_thread_blocked, id=6753, stack(0x00007f3f00e97000,0x00007f3f00f98000)]
  0x00007f3f141ce800 JavaThread "Reference Handler" daemon [_thread_blocked, id=6752, stack(0x00007f3f00f98000,0x00007f3f01099000)]
  0x00007f3f1400a800 JavaThread "main" [_thread_blocked, id=6742, stack(0x00007f3f1b1f2000,0x00007f3f1b2f2000)]

Other Threads:
  0x00007f3f141c7000 VMThread [stack: 0x00007f3f0109a000,0x00007f3f0119a000] [id=6751]
  0x00007f3f1421b800 WatcherThread [stack: 0x00007f3f00474000,0x00007f3f00574000] [id=6760]

=>0x00007f3f14028000 (exited) GCTaskThread [stack: 0x00007f3f0410e000,0x00007f3f0420e000] [id=6748]

VM state:at safepoint (normal execution)

VM Mutex/Monitor currently owned by a thread:  ([mutex/lock_event])
[0x00007f3f14007900] Threads_lock - owner thread: 0x00007f3f141c7000
[0x00007f3f14007e00] Heap_lock - owner thread: 0x00007f3f1400a800

Heap:
 PSYoungGen      total 57344K, used 51660K [0x000000076d380000, 0x0000000771580000, 0x00000007c0000000)
  eden space 49152K, 100% used [0x000000076d380000,0x0000000770380000,0x0000000770380000)
  from space 8192K, 30% used [0x0000000770d80000,0x0000000770ff30e0,0x0000000771580000)
  to   space 9216K, 2% used [0x0000000770380000,0x00000007703b0240,0x0000000770c80000)
 ParOldGen       total 171008K, used 5535K [0x00000006c7a00000, 0x00000006d2100000, 0x000000076d380000)
  object space 171008K, 3% used [0x00000006c7a00000,0x00000006c7f67c38,0x00000006d2100000)
 Metaspace       used 13632K, capacity 13980K, committed 14336K, reserved 1062912K
  class space    used 1337K, capacity 1448K, committed 1536K, reserved 1048576K

Card table byte_map: [0x00007f3f0483c000,0x00007f3f05000000] byte_map_base: 0x00007f3f011ff000

Marking Bits: (ParMarkBitMap*) 0x00007f3f1a4e10c0
 Begin Bits: [0x00007f3ec43d0000, 0x00007f3ec81e8000)
 End Bits:   [0x00007f3ec81e8000, 0x00007f3ecc000000)

Polling page: 0x00007f3f1b320000

CodeCache: size=245760Kb used=11123Kb max_used=11134Kb free=234636Kb
 bounds [0x00007f3f05000000, 0x00007f3f05b00000, 0x00007f3f14000000]
 total_blobs=3327 nmethods=2922 adapters=319
 compilation: enabled

Compilation events (10 events):
Event: 633,006 Thread 0x00007f3f1420e000 3416       3       sun.security.internal.spec.TlsKeyMaterialParameterSpec::<init> (147 bytes)
Event: 633,009 Thread 0x00007f3f1420e000 nmethod 3416 0x00007f3f05ae62d0 code [0x00007f3f05ae65a0, 0x00007f3f05ae7798]
Event: 633,010 Thread 0x00007f3f1420e000 3417   !   3       sun.security.ssl.Handshaker::sendChangeCipherSpec (244 bytes)
Event: 633,012 Thread 0x00007f3f1420e000 nmethod 3417 0x00007f3f05aec810 code [0x00007f3f05aecb40, 0x00007f3f05aee718]
Event: 663,767 Thread 0x00007f3f1420a000 3418       4       sun.security.util.ObjectIdentifier::equals (33 bytes)
Event: 663,767 Thread 0x00007f3f14207800 3419       4       sun.security.x509.X509CertInfo::get (289 bytes)
Event: 663,773 Thread 0x00007f3f1420a000 nmethod 3418 0x00007f3f0546e310 code [0x00007f3f0546e460, 0x00007f3f0546e678]
Event: 663,806 Thread 0x00007f3f14207800 nmethod 3419 0x00007f3f05af3d90 code [0x00007f3f05af40e0, 0x00007f3f05af52e8]
Event: 665,355 Thread 0x00007f3f1420c000 3420   !   4       sun.net.www.protocol.http.HttpURLConnection::URLtoSocketPermission (143 bytes)
Event: 665,356 Thread 0x00007f3f1420c000 nmethod 3420 0x00007f3f05169850 code [0x00007f3f051699a0, 0x00007f3f05169a58]

GC Heap History (10 events):
Event: 411,348 GC heap after
Heap after GC invocations=14 (full 0):
 PSYoungGen      total 61952K, used 3345K [0x000000076d380000, 0x0000000771a80000, 0x00000007c0000000)
  eden space 53248K, 0% used [0x000000076d380000,0x000000076d380000,0x0000000770780000)
  from space 8704K, 38% used [0x0000000771200000,0x0000000771544700,0x0000000771a80000)
  to   space 9728K, 0% used [0x0000000770780000,0x0000000770780000,0x0000000771100000)
 ParOldGen       total 171008K, used 5031K [0x00000006c7a00000, 0x00000006d2100000, 0x000000076d380000)
  object space 171008K, 2% used [0x00000006c7a00000,0x00000006c7ee9e58,0x00000006d2100000)
 Metaspace       used 13549K, capacity 13886K, committed 14080K, reserved 1062912K
  class space    used 1334K, capacity 1443K, committed 1536K, reserved 1048576K
}
Event: 505,106 GC heap before
{Heap before GC invocations=15 (full 0):
 PSYoungGen      total 61952K, used 56593K [0x000000076d380000, 0x0000000771a80000, 0x00000007c0000000)
  eden space 53248K, 100% used [0x000000076d380000,0x0000000770780000,0x0000000770780000)
  from space 8704K, 38% used [0x0000000771200000,0x0000000771544700,0x0000000771a80000)
  to   space 9728K, 0% used [0x0000000770780000,0x0000000770780000,0x0000000771100000)
 ParOldGen       total 171008K, used 5031K [0x00000006c7a00000, 0x00000006d2100000, 0x000000076d380000)
  object space 171008K, 2% used [0x00000006c7a00000,0x00000006c7ee9e58,0x00000006d2100000)
 Metaspace       used 13577K, capacity 13916K, committed 14080K, reserved 1062912K
  class space    used 1337K, capacity 1448K, committed 1536K, reserved 1048576K
Event: 505,113 GC heap after
Heap after GC invocations=15 (full 0):
 PSYoungGen      total 56320K, used 3672K [0x000000076d380000, 0x0000000771980000, 0x00000007c0000000)
  eden space 52224K, 0% used [0x000000076d380000,0x000000076d380000,0x0000000770680000)
  from space 4096K, 89% used [0x0000000770780000,0x0000000770b163a0,0x0000000770b80000)
  to   space 9728K, 0% used [0x0000000771000000,0x0000000771000000,0x0000000771980000)
 ParOldGen       total 171008K, used 5140K [0x00000006c7a00000, 0x00000006d2100000, 0x000000076d380000)
  object space 171008K, 3% used [0x00000006c7a00000,0x00000006c7f052f8,0x00000006d2100000)
 Metaspace       used 13577K, capacity 13916K, committed 14080K, reserved 1062912K
  class space    used 1337K, capacity 1448K, committed 1536K, reserved 1048576K
}
Event: 522,991 GC heap before
{Heap before GC invocations=16 (full 0):
 PSYoungGen      total 56320K, used 55896K [0x000000076d380000, 0x0000000771980000, 0x00000007c0000000)
  eden space 52224K, 100% used [0x000000076d380000,0x0000000770680000,0x0000000770680000)
  from space 4096K, 89% used [0x0000000770780000,0x0000000770b163a0,0x0000000770b80000)
  to   space 9728K, 0% used [0x0000000771000000,0x0000000771000000,0x0000000771980000)
 ParOldGen       total 171008K, used 5140K [0x00000006c7a00000, 0x00000006d2100000, 0x000000076d380000)
  object space 171008K, 3% used [0x00000006c7a00000,0x00000006c7f052f8,0x00000006d2100000)
 Metaspace       used 13593K, capacity 13916K, committed 14080K, reserved 1062912K
  class space    used 1337K, capacity 1448K, committed 1536K, reserved 1048576K
Event: 522,997 GC heap after
Heap after GC invocations=16 (full 0):
 PSYoungGen      total 59904K, used 2216K [0x000000076d380000, 0x0000000771880000, 0x00000007c0000000)
  eden space 51200K, 0% used [0x000000076d380000,0x000000076d380000,0x0000000770580000)
  from space 8704K, 25% used [0x0000000771000000,0x000000077122a160,0x0000000771880000)
  to   space 9728K, 0% used [0x0000000770580000,0x0000000770580000,0x0000000770f00000)
 ParOldGen       total 171008K, used 5229K [0x00000006c7a00000, 0x00000006d2100000, 0x000000076d380000)
  object space 171008K, 3% used [0x00000006c7a00000,0x00000006c7f1b758,0x00000006d2100000)
 Metaspace       used 13593K, capacity 13916K, committed 14080K, reserved 1062912K
  class space    used 1337K, capacity 1448K, committed 1536K, reserved 1048576K
}
Event: 603,354 GC heap before
{Heap before GC invocations=17 (full 0):
 PSYoungGen      total 59904K, used 53416K [0x000000076d380000, 0x0000000771880000, 0x00000007c0000000)
  eden space 51200K, 100% used [0x000000076d380000,0x0000000770580000,0x0000000770580000)
  from space 8704K, 25% used [0x0000000771000000,0x000000077122a160,0x0000000771880000)
  to   space 9728K, 0% used [0x0000000770580000,0x0000000770580000,0x0000000770f00000)
 ParOldGen       total 171008K, used 5229K [0x00000006c7a00000, 0x00000006d2100000, 0x000000076d380000)
  object space 171008K, 3% used [0x00000006c7a00000,0x00000006c7f1b758,0x00000006d2100000)
 Metaspace       used 13632K, capacity 13980K, committed 14336K, reserved 1062912K
  class space    used 1337K, capacity 1448K, committed 1536K, reserved 1048576K
Event: 603,358 GC heap after
Heap after GC invocations=17 (full 0):
 PSYoungGen      total 53760K, used 3171K [0x000000076d380000, 0x0000000771680000, 0x00000007c0000000)
  eden space 50176K, 0% used [0x000000076d380000,0x000000076d380000,0x0000000770480000)
  from space 3584K, 88% used [0x0000000770580000,0x0000000770898d90,0x0000000770900000)
  to   space 9216K, 0% used [0x0000000770d80000,0x0000000770d80000,0x0000000771680000)
 ParOldGen       total 171008K, used 5455K [0x00000006c7a00000, 0x00000006d2100000, 0x000000076d380000)
  object space 171008K, 3% used [0x00000006c7a00000,0x00000006c7f53c38,0x00000006d2100000)
 Metaspace       used 13632K, capacity 13980K, committed 14336K, reserved 1062912K
  class space    used 1337K, capacity 1448K, committed 1536K, reserved 1048576K
}
Event: 618,458 GC heap before
{Heap before GC invocations=18 (full 0):
 PSYoungGen      total 53760K, used 53347K [0x000000076d380000, 0x0000000771680000, 0x00000007c0000000)
  eden space 50176K, 100% used [0x000000076d380000,0x0000000770480000,0x0000000770480000)
  from space 3584K, 88% used [0x0000000770580000,0x0000000770898d90,0x0000000770900000)
  to   space 9216K, 0% used [0x0000000770d80000,0x0000000770d80000,0x0000000771680000)
 ParOldGen       total 171008K, used 5455K [0x00000006c7a00000, 0x00000006d2100000, 0x000000076d380000)
  object space 171008K, 3% used [0x00000006c7a00000,0x00000006c7f53c38,0x00000006d2100000)
 Metaspace       used 13632K, capacity 13980K, committed 14336K, reserved 1062912K
  class space    used 1337K, capacity 1448K, committed 1536K, reserved 1048576K
Event: 618,463 GC heap after
Heap after GC invocations=18 (full 0):
 PSYoungGen      total 57344K, used 2508K [0x000000076d380000, 0x0000000771580000, 0x00000007c0000000)
  eden space 49152K, 0% used [0x000000076d380000,0x000000076d380000,0x0000000770380000)
  from space 8192K, 30% used [0x0000000770d80000,0x0000000770ff30e0,0x0000000771580000)
  to   space 9216K, 0% used [0x0000000770380000,0x0000000770380000,0x0000000770c80000)
 ParOldGen       total 171008K, used 5527K [0x00000006c7a00000, 0x00000006d2100000, 0x000000076d380000)
  object space 171008K, 3% used [0x00000006c7a00000,0x00000006c7f65c38,0x00000006d2100000)
 Metaspace       used 13632K, capacity 13980K, committed 14336K, reserved 1062912K
  class space    used 1337K, capacity 1448K, committed 1536K, reserved 1048576K
}
Event: 667,666 GC heap before
{Heap before GC invocations=19 (full 0):
 PSYoungGen      total 57344K, used 51660K [0x000000076d380000, 0x0000000771580000, 0x00000007c0000000)
  eden space 49152K, 100% used [0x000000076d380000,0x0000000770380000,0x0000000770380000)
  from space 8192K, 30% used [0x0000000770d80000,0x0000000770ff30e0,0x0000000771580000)
  to   space 9216K, 0% used [0x0000000770380000,0x0000000770380000,0x0000000770c80000)
 ParOldGen       total 171008K, used 5527K [0x00000006c7a00000, 0x00000006d2100000, 0x000000076d380000)
  object space 171008K, 3% used [0x00000006c7a00000,0x00000006c7f65c38,0x00000006d2100000)
 Metaspace       used 13632K, capacity 13980K, committed 14336K, reserved 1062912K
  class space    used 1337K, capacity 1448K, committed 1536K, reserved 1048576K

Deoptimization events (10 events):
Event: 102,751 Thread 0x00007f3f1400a800 Uncommon trap: reason=unstable_if action=reinterpret pc=0x00007f3f056faefc method=sun.util.calendar.BaseCalendar$Date.hit(J)Z @ 6
Event: 103,780 Thread 0x00007f3f1400a800 Uncommon trap: reason=unstable_if action=reinterpret pc=0x00007f3f056afcb8 method=java.lang.reflect.Field.getGenericInfo()Lsun/reflect/generics/repository/FieldRepository; @ 4
Event: 103,780 Thread 0x00007f3f1400a800 Uncommon trap: reason=class_check action=maybe_recompile pc=0x00007f3f053f55b4 method=java.lang.reflect.Field.set(Ljava/lang/Object;Ljava/lang/Object;)V @ 46
Event: 103,782 Thread 0x00007f3f1400a800 Uncommon trap: reason=class_check action=maybe_recompile pc=0x00007f3f0539ad90 method=java.lang.reflect.Field.get(Ljava/lang/Object;)Ljava/lang/Object; @ 45
Event: 113,804 Thread 0x00007f3f1400a800 Uncommon trap: reason=unstable_if action=reinterpret pc=0x00007f3f052d6f7c method=java.lang.AbstractStringBuilder.append(Ljava/lang/String;)Ljava/lang/AbstractStringBuilder; @ 1
Event: 113,806 Thread 0x00007f3f1400a800 Uncommon trap: reason=unstable_if action=reinterpret pc=0x00007f3f05128470 method=java.util.Locale.hashCode()I @ 6
Event: 181,104 Thread 0x00007f3f1400a800 Uncommon trap: reason=unstable_if action=reinterpret pc=0x00007f3f05480ca8 method=java.util.regex.Pattern$CharProperty$1.isSatisfiedBy(I)Z @ 8
Event: 193,540 Thread 0x00007f3f1400a800 Uncommon trap: reason=unstable_if action=reinterpret pc=0x00007f3f057eb67c method=java.util.GregorianCalendar.computeFields(II)I @ 1103
Event: 216,385 Thread 0x00007f3f1400a800 Uncommon trap: reason=unstable_if action=reinterpret pc=0x00007f3f057fb5f4 method=java.net.URLDecoder.decode(Ljava/lang/String;Ljava/lang/String;)Ljava/lang/String; @ 196
Event: 512,750 Thread 0x00007f3f1400a800 Uncommon trap: reason=unstable_if action=reinterpret pc=0x00007f3f0584d490 method=java.util.GregorianCalendar.computeFields(II)I @ 1364

Classes redefined (0 events):
No events

Internal exceptions (10 events):
Event: 94,469 Thread 0x00007f3f1400a800 Exception <a 'java/net/SocketTimeoutException': Read timed out> (0x000000076e8bf960) thrown at [/build/java8-openjdk/src/jdk8u-jdk8u162-b12/hotspot/src/share/vm/prims/jni.cpp, line 735]
Event: 95,819 Thread 0x00007f3f1400a800 Exception <a 'java/net/SocketTimeoutException': Read timed out> (0x000000076e8f84b0) thrown at [/build/java8-openjdk/src/jdk8u-jdk8u162-b12/hotspot/src/share/vm/prims/jni.cpp, line 735]
Event: 103,780 Thread 0x00007f3f1400a800 Implicit null exception at 0x00007f3f056ad21d to 0x00007f3f056afc7d
Event: 113,804 Thread 0x00007f3f1400a800 Implicit null exception at 0x00007f3f052d6bb5 to 0x00007f3f052d6f69
Event: 145,373 Thread 0x00007f3f1400a800 Exception <a 'java/net/SocketTimeoutException': Read timed out> (0x0000000770e2d4c8) thrown at [/build/java8-openjdk/src/jdk8u-jdk8u162-b12/hotspot/src/share/vm/prims/jni.cpp, line 735]
Event: 453,805 Thread 0x00007f3f1400a800 Exception <a 'java/net/SocketTimeoutException': Read timed out> (0x000000076f29fff8) thrown at [/build/java8-openjdk/src/jdk8u-jdk8u162-b12/hotspot/src/share/vm/prims/jni.cpp, line 735]
Event: 487,531 Thread 0x00007f3f1400a800 Exception <a 'java/net/SocketTimeoutException': Read timed out> (0x000000076f874e20) thrown at [/build/java8-openjdk/src/jdk8u-jdk8u162-b12/hotspot/src/share/vm/prims/jni.cpp, line 735]
Event: 549,044 Thread 0x00007f3f1400a800 Exception <a 'java/net/SocketTimeoutException': Read timed out> (0x000000076e4dc880) thrown at [/build/java8-openjdk/src/jdk8u-jdk8u162-b12/hotspot/src/share/vm/prims/jni.cpp, line 735]
Event: 586,986 Thread 0x00007f3f1400a800 Exception <a 'java/net/SocketTimeoutException': Read timed out> (0x000000076f775480) thrown at [/build/java8-openjdk/src/jdk8u-jdk8u162-b12/hotspot/src/share/vm/prims/jni.cpp, line 735]
Event: 653,497 Thread 0x00007f3f1400a800 Exception <a 'java/net/SocketTimeoutException': Read timed out> (0x000000076fa25210) thrown at [/build/java8-openjdk/src/jdk8u-jdk8u162-b12/hotspot/src/share/vm/prims/jni.cpp, line 735]

Events (10 events):
Event: 665,354 Thread 0x00007f3f144ef000 Thread added: 0x00007f3f144ef000
Event: 665,355 Thread 0x00007f3f144ef000 Thread exited: 0x00007f3f144ef000
Event: 665,921 Thread 0x00007f3f144ef000 Thread added: 0x00007f3f144ef000
Event: 665,922 Thread 0x00007f3f144ef000 Thread exited: 0x00007f3f144ef000
Event: 666,501 Thread 0x00007f3f144ef000 Thread added: 0x00007f3f144ef000
Event: 666,501 Thread 0x00007f3f144ef000 Thread exited: 0x00007f3f144ef000
Event: 667,117 Thread 0x00007f3f144ef000 Thread added: 0x00007f3f144ef000
Event: 667,117 Thread 0x00007f3f144ef000 Thread exited: 0x00007f3f144ef000
Event: 667,666 Thread 0x00007f3f144ef000 Thread added: 0x00007f3f144ef000
Event: 667,666 Executing VM operation: ParallelGCFailedAllocation


Dynamic libraries:
6c7a00000-6d2100000 rw-p 00000000 00:00 0 
6d2100000-76d380000 ---p 00000000 00:00 0 
76d380000-771580000 rw-p 00000000 00:00 0 
771580000-7c0000000 ---p 00000000 00:00 0 
7c0000000-7c0180000 rw-p 00000000 00:00 0 
7c0180000-800000000 ---p 00000000 00:00 0 
55a325be6000-55a325be7000 r-xp 00000000 00:2a 567477                     /usr/lib/jvm/java-8-openjdk/jre/bin/java
55a325de6000-55a325de7000 r--p 00000000 00:2a 567477                     /usr/lib/jvm/java-8-openjdk/jre/bin/java
55a325de7000-55a325de8000 rw-p 00001000 00:2a 567477                     /usr/lib/jvm/java-8-openjdk/jre/bin/java
55a3260a4000-55a3260c5000 rw-p 00000000 00:00 0                          [heap]
7f3e88000000-7f3e88021000 rw-p 00000000 00:00 0 
7f3e88021000-7f3e8c000000 ---p 00000000 00:00 0 
7f3e90000000-7f3e90021000 rw-p 00000000 00:00 0 
7f3e90021000-7f3e94000000 ---p 00000000 00:00 0 
7f3e94000000-7f3e94021000 rw-p 00000000 00:00 0 
7f3e94021000-7f3e98000000 ---p 00000000 00:00 0 
7f3e98000000-7f3e98021000 rw-p 00000000 00:00 0 
7f3e98021000-7f3e9c000000 ---p 00000000 00:00 0 
7f3e9c000000-7f3e9c021000 rw-p 00000000 00:00 0 
7f3e9c021000-7f3ea0000000 ---p 00000000 00:00 0 
7f3ea0000000-7f3ea0700000 rw-p 00000000 00:00 0 
7f3ea0700000-7f3ea4000000 ---p 00000000 00:00 0 
7f3ea4000000-7f3ea4021000 rw-p 00000000 00:00 0 
7f3ea4021000-7f3ea8000000 ---p 00000000 00:00 0 
7f3ea8000000-7f3ea919c000 rw-p 00000000 00:00 0 
7f3ea919c000-7f3eac000000 ---p 00000000 00:00 0 
7f3eac000000-7f3eac77c000 rw-p 00000000 00:00 0 
7f3eac77c000-7f3eb0000000 ---p 00000000 00:00 0 
7f3eb0000000-7f3eb0021000 rw-p 00000000 00:00 0 
7f3eb0021000-7f3eb4000000 ---p 00000000 00:00 0 
7f3eb4000000-7f3eb5332000 rw-p 00000000 00:00 0 
7f3eb5332000-7f3eb8000000 ---p 00000000 00:00 0 
7f3eb8000000-7f3eb8021000 rw-p 00000000 00:00 0 
7f3eb8021000-7f3ebc000000 ---p 00000000 00:00 0 
7f3ebc000000-7f3ebc021000 rw-p 00000000 00:00 0 
7f3ebc021000-7f3ec0000000 ---p 00000000 00:00 0 
7f3ec0000000-7f3ec0021000 rw-p 00000000 00:00 0 
7f3ec0021000-7f3ec4000000 ---p 00000000 00:00 0 
7f3ec43d0000-7f3ecc000000 rw-p 00000000 00:00 0 
7f3ecc000000-7f3ecc021000 rw-p 00000000 00:00 0 
7f3ecc021000-7f3ed0000000 ---p 00000000 00:00 0 
7f3ed4000000-7f3ed4021000 rw-p 00000000 00:00 0 
7f3ed4021000-7f3ed8000000 ---p 00000000 00:00 0 
7f3ed8000000-7f3ed8021000 rw-p 00000000 00:00 0 
7f3ed8021000-7f3edc000000 ---p 00000000 00:00 0 
7f3edc000000-7f3edc021000 rw-p 00000000 00:00 0 
7f3edc021000-7f3ee0000000 ---p 00000000 00:00 0 
7f3ee4000000-7f3ee4021000 rw-p 00000000 00:00 0 
7f3ee4021000-7f3ee8000000 ---p 00000000 00:00 0 
7f3eec000000-7f3eec021000 rw-p 00000000 00:00 0 
7f3eec021000-7f3ef0000000 ---p 00000000 00:00 0 
7f3ef3cff000-7f3ef3d7f000 rw-p 00000000 00:00 0 
7f3ef3d7f000-7f3ef3f02000 ---p 00000000 00:00 0 
7f3ef3f02000-7f3ef4000000 rw-p 00000000 00:00 0 
7f3ef4000000-7f3ef4021000 rw-p 00000000 00:00 0 
7f3ef4021000-7f3ef8000000 ---p 00000000 00:00 0 
7f3ef8087000-7f3ef80a9000 r--s 00000000 00:2a 743132                     /usr/share/mime/mime.cache
7f3ef80a9000-7f3ef80aa000 ---p 00000000 00:00 0 
7f3ef80aa000-7f3ef88aa000 rw-p 00000000 00:00 0 
7f3ef88aa000-7f3ef88ca000 r--p 00000000 00:2a 1506976                    /usr/share/locale/de/LC_MESSAGES/glib20.mo
7f3ef88ca000-7f3ef88cb000 ---p 00000000 00:00 0 
7f3ef88cb000-7f3ef90cb000 rw-p 00000000 00:00 0 
7f3ef90cb000-7f3ef9102000 r-xp 00000000 00:2a 898841                     /usr/lib/gvfs/libgvfscommon.so
7f3ef9102000-7f3ef9302000 ---p 00037000 00:2a 898841                     /usr/lib/gvfs/libgvfscommon.so
7f3ef9302000-7f3ef9308000 r--p 00037000 00:2a 898841                     /usr/lib/gvfs/libgvfscommon.so
7f3ef9308000-7f3ef9309000 rw-p 0003d000 00:2a 898841                     /usr/lib/gvfs/libgvfscommon.so
7f3ef9309000-7f3ef933a000 r-xp 00000000 00:2a 903501                     /usr/lib/gio/modules/libgvfsdbus.so
7f3ef933a000-7f3ef9539000 ---p 00031000 00:2a 903501                     /usr/lib/gio/modules/libgvfsdbus.so
7f3ef9539000-7f3ef953b000 r--p 00030000 00:2a 903501                     /usr/lib/gio/modules/libgvfsdbus.so
7f3ef953b000-7f3ef953c000 rw-p 00032000 00:2a 903501                     /usr/lib/gio/modules/libgvfsdbus.so
7f3ef953c000-7f3ef955c000 r-xp 00000000 00:2a 135964                     /usr/lib/libmagic.so.1.0.0
7f3ef955c000-7f3ef975b000 ---p 00020000 00:2a 135964                     /usr/lib/libmagic.so.1.0.0
7f3ef975b000-7f3ef975d000 r--p 0001f000 00:2a 135964                     /usr/lib/libmagic.so.1.0.0
7f3ef975d000-7f3ef975e000 rw-p 00021000 00:2a 135964                     /usr/lib/libmagic.so.1.0.0
7f3ef975e000-7f3ef9764000 r-xp 00000000 00:2a 65672                      /usr/lib/libuuid.so.1.3.0
7f3ef9764000-7f3ef9963000 ---p 00006000 00:2a 65672                      /usr/lib/libuuid.so.1.3.0
7f3ef9963000-7f3ef9964000 r--p 00005000 00:2a 65672                      /usr/lib/libuuid.so.1.3.0
7f3ef9964000-7f3ef9965000 rw-p 00006000 00:2a 65672                      /usr/lib/libuuid.so.1.3.0
7f3ef9965000-7f3ef99ac000 r-xp 00000000 00:2a 65673                      /usr/lib/libblkid.so.1.1.0
7f3ef99ac000-7f3ef9bac000 ---p 00047000 00:2a 65673                      /usr/lib/libblkid.so.1.1.0
7f3ef9bac000-7f3ef9bb1000 r--p 00047000 00:2a 65673                      /usr/lib/libblkid.so.1.1.0
7f3ef9bb1000-7f3ef9bb2000 rw-p 0004c000 00:2a 65673                      /usr/lib/libblkid.so.1.1.0
7f3ef9bb2000-7f3ef9bb3000 rw-p 00000000 00:00 0 
7f3ef9bb3000-7f3ef9c24000 r-xp 00000000 00:2a 1425098                    /usr/lib/libpcre.so.1.2.9
7f3ef9c24000-7f3ef9e24000 ---p 00071000 00:2a 1425098                    /usr/lib/libpcre.so.1.2.9
7f3ef9e24000-7f3ef9e25000 r--p 00071000 00:2a 1425098                    /usr/lib/libpcre.so.1.2.9
7f3ef9e25000-7f3ef9e26000 rw-p 00072000 00:2a 1425098                    /usr/lib/libpcre.so.1.2.9
7f3ef9e26000-7f3ef9e2d000 r-xp 00000000 00:2a 1424748                    /usr/lib/libffi.so.6.0.4
7f3ef9e2d000-7f3efa02d000 ---p 00007000 00:2a 1424748                    /usr/lib/libffi.so.6.0.4
7f3efa02d000-7f3efa02e000 r--p 00007000 00:2a 1424748                    /usr/lib/libffi.so.6.0.4
7f3efa02e000-7f3efa02f000 rw-p 00008000 00:2a 1424748                    /usr/lib/libffi.so.6.0.4
7f3efa02f000-7f3efa081000 r-xp 00000000 00:2a 68065                      /usr/lib/libmount.so.1.1.0
7f3efa081000-7f3efa280000 ---p 00052000 00:2a 68065                      /usr/lib/libmount.so.1.1.0
7f3efa280000-7f3efa283000 r--p 00051000 00:2a 68065                      /usr/lib/libmount.so.1.1.0
7f3efa283000-7f3efa284000 rw-p 00054000 00:2a 68065                      /usr/lib/libmount.so.1.1.0
7f3efa284000-7f3efa285000 rw-p 00000000 00:00 0 
7f3efa285000-7f3efa398000 r-xp 00000000 00:2a 1507090                    /usr/lib/libglib-2.0.so.0.5400.3
7f3efa398000-7f3efa597000 ---p 00113000 00:2a 1507090                    /usr/lib/libglib-2.0.so.0.5400.3
7f3efa597000-7f3efa598000 r--p 00112000 00:2a 1507090                    /usr/lib/libglib-2.0.so.0.5400.3
7f3efa598000-7f3efa599000 rw-p 00113000 00:2a 1507090                    /usr/lib/libglib-2.0.so.0.5400.3
7f3efa599000-7f3efa59a000 rw-p 00000000 00:00 0 
7f3efa59a000-7f3efa59d000 r-xp 00000000 00:2a 1507091                    /usr/lib/libgmodule-2.0.so.0.5400.3
7f3efa59d000-7f3efa79c000 ---p 00003000 00:2a 1507091                    /usr/lib/libgmodule-2.0.so.0.5400.3
7f3efa79c000-7f3efa79d000 r--p 00002000 00:2a 1507091                    /usr/lib/libgmodule-2.0.so.0.5400.3
7f3efa79d000-7f3efa79e000 rw-p 00003000 00:2a 1507091                    /usr/lib/libgmodule-2.0.so.0.5400.3
7f3efa79e000-7f3efa7f2000 r-xp 00000000 00:2a 1507093                    /usr/lib/libgobject-2.0.so.0.5400.3
7f3efa7f2000-7f3efa9f1000 ---p 00054000 00:2a 1507093                    /usr/lib/libgobject-2.0.so.0.5400.3
7f3efa9f1000-7f3efa9f2000 r--p 00053000 00:2a 1507093                    /usr/lib/libgobject-2.0.so.0.5400.3
7f3efa9f2000-7f3efa9f3000 rw-p 00054000 00:2a 1507093                    /usr/lib/libgobject-2.0.so.0.5400.3
7f3efa9f3000-7f3efab95000 r-xp 00000000 00:2a 1507094                    /usr/lib/libgio-2.0.so.0.5400.3
7f3efab95000-7f3efad95000 ---p 001a2000 00:2a 1507094                    /usr/lib/libgio-2.0.so.0.5400.3
7f3efad95000-7f3efad9c000 r--p 001a2000 00:2a 1507094                    /usr/lib/libgio-2.0.so.0.5400.3
7f3efad9c000-7f3efad9d000 rw-p 001a9000 00:2a 1507094                    /usr/lib/libgio-2.0.so.0.5400.3
7f3efad9d000-7f3efad9f000 rw-p 00000000 00:00 0 
7f3efada4000-7f3efadca000 r--p 00000000 00:2a 976803                     /usr/share/locale/de/LC_MESSAGES/libc.mo
7f3efadca000-7f3efafca000 rw-p 00000000 00:00 0 
7f3efafca000-7f3efafcd000 ---p 00000000 00:00 0 
7f3efafcd000-7f3efb0cb000 rw-p 00000000 00:00 0 
7f3efb0cb000-7f3efb0de000 r-xp 00000000 00:2a 827978                     /usr/lib/libresolv-2.26.so
7f3efb0de000-7f3efb2de000 ---p 00013000 00:2a 827978                     /usr/lib/libresolv-2.26.so
7f3efb2de000-7f3efb2df000 r--p 00013000 00:2a 827978                     /usr/lib/libresolv-2.26.so
7f3efb2df000-7f3efb2e0000 rw-p 00014000 00:2a 827978                     /usr/lib/libresolv-2.26.so
7f3efb2e0000-7f3efb2e2000 rw-p 00000000 00:00 0 
7f3efb2e2000-7f3efb2e7000 r-xp 00000000 00:2a 827994                     /usr/lib/libnss_dns-2.26.so
7f3efb2e7000-7f3efb4e6000 ---p 00005000 00:2a 827994                     /usr/lib/libnss_dns-2.26.so
7f3efb4e6000-7f3efb4e7000 r--p 00004000 00:2a 827994                     /usr/lib/libnss_dns-2.26.so
7f3efb4e7000-7f3efb4e8000 rw-p 00005000 00:2a 827994                     /usr/lib/libnss_dns-2.26.so
7f3efb4e8000-7f3efb524000 r-xp 00000000 00:2a 472225                     /usr/lib/libnss_resolve.so.2
7f3efb524000-7f3efb723000 ---p 0003c000 00:2a 472225                     /usr/lib/libnss_resolve.so.2
7f3efb723000-7f3efb726000 r--p 0003b000 00:2a 472225                     /usr/lib/libnss_resolve.so.2
7f3efb726000-7f3efb727000 rw-p 0003e000 00:2a 472225                     /usr/lib/libnss_resolve.so.2
7f3efb727000-7f3efb764000 r-xp 00000000 00:2a 472197                     /usr/lib/libnss_mymachines.so.2
7f3efb764000-7f3efb963000 ---p 0003d000 00:2a 472197                     /usr/lib/libnss_mymachines.so.2
7f3efb963000-7f3efb966000 r--p 0003c000 00:2a 472197                     /usr/lib/libnss_mymachines.so.2
7f3efb966000-7f3efb967000 rw-p 0003f000 00:2a 472197                     /usr/lib/libnss_mymachines.so.2
7f3efb97f000-7f3efb992000 r--s 00346000 00:2a 572945                     /usr/lib/jvm/java-8-openjdk/jre/lib/resources.jar
7f3efb992000-7f3efb9a8000 r-xp 00000000 00:2a 85449                      /usr/lib/libgcc_s.so.1
7f3efb9a8000-7f3efbba7000 ---p 00016000 00:2a 85449                      /usr/lib/libgcc_s.so.1
7f3efbba7000-7f3efbba8000 r--p 00015000 00:2a 85449                      /usr/lib/libgcc_s.so.1
7f3efbba8000-7f3efbba9000 rw-p 00016000 00:2a 85449                      /usr/lib/libgcc_s.so.1
7f3efbba9000-7f3efbbe2000 r-xp 00000000 00:2a 575408                     /usr/lib/jvm/java-8-openjdk/jre/lib/amd64/libsunec.so
7f3efbbe2000-7f3efbde1000 ---p 00039000 00:2a 575408                     /usr/lib/jvm/java-8-openjdk/jre/lib/amd64/libsunec.so
7f3efbde1000-7f3efbde6000 r--p 00038000 00:2a 575408                     /usr/lib/jvm/java-8-openjdk/jre/lib/amd64/libsunec.so
7f3efbde6000-7f3efbde7000 rw-p 0003d000 00:2a 575408                     /usr/lib/jvm/java-8-openjdk/jre/lib/amd64/libsunec.so
7f3efbde7000-7f3efbde8000 rw-p 00000000 00:00 0 
7f3efbde8000-7f3efbdfe000 r-xp 00000000 00:2a 575390                     /usr/lib/jvm/java-8-openjdk/jre/lib/amd64/libnet.so
7f3efbdfe000-7f3efbffe000 ---p 00016000 00:2a 575390                     /usr/lib/jvm/java-8-openjdk/jre/lib/amd64/libnet.so
7f3efbffe000-7f3efbfff000 r--p 00016000 00:2a 575390                     /usr/lib/jvm/java-8-openjdk/jre/lib/amd64/libnet.so
7f3efbfff000-7f3efc000000 rw-p 00017000 00:2a 575390                     /usr/lib/jvm/java-8-openjdk/jre/lib/amd64/libnet.so
7f3efc000000-7f3efc021000 rw-p 00000000 00:00 0 
7f3efc021000-7f3f00000000 ---p 00000000 00:00 0 
7f3f00007000-7f3f00207000 rw-p 00000000 00:00 0 
7f3f00207000-7f3f00218000 r-xp 00000000 00:2a 575577                     /usr/lib/jvm/java-8-openjdk/jre/lib/amd64/libnio.so
7f3f00218000-7f3f00418000 ---p 00011000 00:2a 575577                     /usr/lib/jvm/java-8-openjdk/jre/lib/amd64/libnio.so
7f3f00418000-7f3f00419000 r--p 00011000 00:2a 575577                     /usr/lib/jvm/java-8-openjdk/jre/lib/amd64/libnio.so
7f3f00419000-7f3f0041a000 rw-p 00012000 00:2a 575577                     /usr/lib/jvm/java-8-openjdk/jre/lib/amd64/libnio.so
7f3f0041a000-7f3f00473000 r--s 00419000 00:39 30851                      /home/torben/cloud/data/private/project/personal/script/java/jdrivesync-0.4.3-jar-with-dependencies.jar
7f3f00473000-7f3f00474000 ---p 00000000 00:00 0 
7f3f00474000-7f3f00574000 rw-p 00000000 00:00 0 
7f3f00574000-7f3f00577000 ---p 00000000 00:00 0 
7f3f00577000-7f3f00675000 rw-p 00000000 00:00 0 
7f3f00675000-7f3f00676000 ---p 00000000 00:00 0 
7f3f00676000-7f3f00679000 ---p 00000000 00:00 0 
7f3f00679000-7f3f00776000 rw-p 00000000 00:00 0 
7f3f00776000-7f3f00777000 ---p 00000000 00:00 0 
7f3f00777000-7f3f0077a000 ---p 00000000 00:00 0 
7f3f0077a000-7f3f00877000 rw-p 00000000 00:00 0 
7f3f00877000-7f3f00878000 ---p 00000000 00:00 0 
7f3f00878000-7f3f0087b000 ---p 00000000 00:00 0 
7f3f0087b000-7f3f00978000 rw-p 00000000 00:00 0 
7f3f00978000-7f3f00979000 ---p 00000000 00:00 0 
7f3f00979000-7f3f0097c000 ---p 00000000 00:00 0 
7f3f0097c000-7f3f00a79000 rw-p 00000000 00:00 0 
7f3f00a79000-7f3f00a7c000 ---p 00000000 00:00 0 
7f3f00a7c000-7f3f00b7a000 rw-p 00000000 00:00 0 
7f3f00b7a000-7f3f00e97000 r--p 00000000 00:2a 977034                     /usr/lib/locale/locale-archive
7f3f00e97000-7f3f00e9a000 ---p 00000000 00:00 0 
7f3f00e9a000-7f3f00f98000 rw-p 00000000 00:00 0 
7f3f00f98000-7f3f00f9b000 ---p 00000000 00:00 0 
7f3f00f9b000-7f3f01099000 rw-p 00000000 00:00 0 
7f3f01099000-7f3f0109a000 ---p 00000000 00:00 0 
7f3f0109a000-7f3f02d03000 rw-p 00000000 00:00 0 
7f3f02d03000-7f3f02ed2000 r--s 03c2b000 00:2a 573742                     /usr/lib/jvm/java-8-openjdk/jre/lib/rt.jar
7f3f02ed2000-7f3f03f0b000 rw-p 00000000 00:00 0 
7f3f03f0b000-7f3f03f0c000 ---p 00000000 00:00 0 
7f3f03f0c000-7f3f0400c000 rw-p 00000000 00:00 0 
7f3f0400c000-7f3f0400d000 ---p 00000000 00:00 0 
7f3f0400d000-7f3f0410d000 rw-p 00000000 00:00 0 
7f3f0410d000-7f3f0410e000 ---p 00000000 00:00 0 
7f3f0410e000-7f3f0420e000 rw-p 00000000 00:00 0 
7f3f0420e000-7f3f0420f000 ---p 00000000 00:00 0 
7f3f0420f000-7f3f04363000 rw-p 00000000 00:00 0 
7f3f04363000-7f3f0483c000 ---p 00000000 00:00 0 
7f3f0483c000-7f3f04890000 rw-p 00000000 00:00 0 
7f3f04890000-7f3f04d68000 ---p 00000000 00:00 0 
7f3f04d68000-7f3f04d8a000 rw-p 00000000 00:00 0 
7f3f04d8a000-7f3f04fff000 ---p 00000000 00:00 0 
7f3f04fff000-7f3f05000000 rw-p 00000000 00:00 0 
7f3f05000000-7f3f05b00000 rwxp 00000000 00:00 0 
7f3f05b00000-7f3f14000000 ---p 00000000 00:00 0 
7f3f14000000-7f3f145b3000 rw-p 00000000 00:00 0 
7f3f145b3000-7f3f18000000 ---p 00000000 00:00 0 
7f3f18008000-7f3f18009000 ---p 00000000 00:00 0 
7f3f18009000-7f3f18109000 rw-p 00000000 00:00 0 
7f3f18109000-7f3f1810a000 ---p 00000000 00:00 0 
7f3f1810a000-7f3f1820a000 rw-p 00000000 00:00 0 
7f3f1820a000-7f3f1820b000 ---p 00000000 00:00 0 
7f3f1820b000-7f3f1830b000 rw-p 00000000 00:00 0 
7f3f1830b000-7f3f1830c000 ---p 00000000 00:00 0 
7f3f1830c000-7f3f18438000 rw-p 00000000 00:00 0 
7f3f18438000-7f3f187cc000 ---p 00000000 00:00 0 
7f3f187cc000-7f3f187d4000 r-xp 00000000 00:2a 577281                     /usr/lib/jvm/java-8-openjdk/jre/lib/amd64/libzip.so
7f3f187d4000-7f3f189d3000 ---p 00008000 00:2a 577281                     /usr/lib/jvm/java-8-openjdk/jre/lib/amd64/libzip.so
7f3f189d3000-7f3f189d4000 r--p 00007000 00:2a 577281                     /usr/lib/jvm/java-8-openjdk/jre/lib/amd64/libzip.so
7f3f189d4000-7f3f189d5000 rw-p 00008000 00:2a 577281                     /usr/lib/jvm/java-8-openjdk/jre/lib/amd64/libzip.so
7f3f189d5000-7f3f189e0000 r-xp 00000000 00:2a 827993                     /usr/lib/libnss_files-2.26.so
7f3f189e0000-7f3f18bdf000 ---p 0000b000 00:2a 827993                     /usr/lib/libnss_files-2.26.so
7f3f18bdf000-7f3f18be0000 r--p 0000a000 00:2a 827993                     /usr/lib/libnss_files-2.26.so
7f3f18be0000-7f3f18be1000 rw-p 0000b000 00:2a 827993                     /usr/lib/libnss_files-2.26.so
7f3f18be1000-7f3f18be7000 rw-p 00000000 00:00 0 
7f3f18be7000-7f3f18c15000 r-xp 00000000 00:2a 575830                     /usr/lib/jvm/java-8-openjdk/jre/lib/amd64/libjava.so
7f3f18c15000-7f3f18e14000 ---p 0002e000 00:2a 575830                     /usr/lib/jvm/java-8-openjdk/jre/lib/amd64/libjava.so
7f3f18e14000-7f3f18e15000 r--p 0002d000 00:2a 575830                     /usr/lib/jvm/java-8-openjdk/jre/lib/amd64/libjava.so
7f3f18e15000-7f3f18e17000 rw-p 0002e000 00:2a 575830                     /usr/lib/jvm/java-8-openjdk/jre/lib/amd64/libjava.so
7f3f18e17000-7f3f18e24000 r-xp 00000000 00:2a 575113                     /usr/lib/jvm/java-8-openjdk/jre/lib/amd64/libverify.so
7f3f18e24000-7f3f19023000 ---p 0000d000 00:2a 575113                     /usr/lib/jvm/java-8-openjdk/jre/lib/amd64/libverify.so
7f3f19023000-7f3f19025000 r--p 0000c000 00:2a 575113                     /usr/lib/jvm/java-8-openjdk/jre/lib/amd64/libverify.so
7f3f19025000-7f3f19026000 rw-p 0000e000 00:2a 575113                     /usr/lib/jvm/java-8-openjdk/jre/lib/amd64/libverify.so
7f3f19026000-7f3f1902d000 r-xp 00000000 00:2a 670443                     /usr/lib/librt-2.26.so
7f3f1902d000-7f3f1922c000 ---p 00007000 00:2a 670443                     /usr/lib/librt-2.26.so
7f3f1922c000-7f3f1922d000 r--p 00006000 00:2a 670443                     /usr/lib/librt-2.26.so
7f3f1922d000-7f3f1922e000 rw-p 00007000 00:2a 670443                     /usr/lib/librt-2.26.so
7f3f1922e000-7f3f19379000 r-xp 00000000 00:2a 827985                     /usr/lib/libm-2.26.so
7f3f19379000-7f3f19578000 ---p 0014b000 00:2a 827985                     /usr/lib/libm-2.26.so
7f3f19578000-7f3f19579000 r--p 0014a000 00:2a 827985                     /usr/lib/libm-2.26.so
7f3f19579000-7f3f1957a000 rw-p 0014b000 00:2a 827985                     /usr/lib/libm-2.26.so
7f3f1957a000-7f3f1a212000 r-xp 00000000 00:2a 577829                     /usr/lib/jvm/java-8-openjdk/jre/lib/amd64/server/libjvm.so
7f3f1a212000-7f3f1a411000 ---p 00c98000 00:2a 577829                     /usr/lib/jvm/java-8-openjdk/jre/lib/amd64/server/libjvm.so
7f3f1a411000-7f3f1a4a5000 r--p 00c97000 00:2a 577829                     /usr/lib/jvm/java-8-openjdk/jre/lib/amd64/server/libjvm.so
7f3f1a4a5000-7f3f1a4cd000 rw-p 00d2b000 00:2a 577829                     /usr/lib/jvm/java-8-openjdk/jre/lib/amd64/server/libjvm.so
7f3f1a4cd000-7f3f1a4fe000 rw-p 00000000 00:00 0 
7f3f1a4fe000-7f3f1a6ac000 r-xp 00000000 00:2a 828143                     /usr/lib/libc-2.26.so
7f3f1a6ac000-7f3f1a8ab000 ---p 001ae000 00:2a 828143                     /usr/lib/libc-2.26.so
7f3f1a8ab000-7f3f1a8af000 r--p 001ad000 00:2a 828143                     /usr/lib/libc-2.26.so
7f3f1a8af000-7f3f1a8b1000 rw-p 001b1000 00:2a 828143                     /usr/lib/libc-2.26.so
7f3f1a8b1000-7f3f1a8b5000 rw-p 00000000 00:00 0 
7f3f1a8b5000-7f3f1a8b8000 r-xp 00000000 00:2a 827986                     /usr/lib/libdl-2.26.so
7f3f1a8b8000-7f3f1aab7000 ---p 00003000 00:2a 827986                     /usr/lib/libdl-2.26.so
7f3f1aab7000-7f3f1aab8000 r--p 00002000 00:2a 827986                     /usr/lib/libdl-2.26.so
7f3f1aab8000-7f3f1aab9000 rw-p 00003000 00:2a 827986                     /usr/lib/libdl-2.26.so
7f3f1aab9000-7f3f1aac7000 r-xp 00000000 00:2a 577742                     /usr/lib/jvm/java-8-openjdk/jre/lib/amd64/jli/libjli.so
7f3f1aac7000-7f3f1acc6000 ---p 0000e000 00:2a 577742                     /usr/lib/jvm/java-8-openjdk/jre/lib/amd64/jli/libjli.so
7f3f1acc6000-7f3f1acc7000 r--p 0000d000 00:2a 577742                     /usr/lib/jvm/java-8-openjdk/jre/lib/amd64/jli/libjli.so
7f3f1acc7000-7f3f1acc8000 rw-p 0000e000 00:2a 577742                     /usr/lib/jvm/java-8-openjdk/jre/lib/amd64/jli/libjli.so
7f3f1acc8000-7f3f1acde000 r-xp 00000000 00:2a 1425393                    /usr/lib/libz.so.1.2.11
7f3f1acde000-7f3f1aedd000 ---p 00016000 00:2a 1425393                    /usr/lib/libz.so.1.2.11
7f3f1aedd000-7f3f1aede000 r--p 00015000 00:2a 1425393                    /usr/lib/libz.so.1.2.11
7f3f1aede000-7f3f1aedf000 rw-p 00016000 00:2a 1425393                    /usr/lib/libz.so.1.2.11
7f3f1aedf000-7f3f1aef8000 r-xp 00000000 00:2a 828250                     /usr/lib/libpthread-2.26.so
7f3f1aef8000-7f3f1b0f7000 ---p 00019000 00:2a 828250                     /usr/lib/libpthread-2.26.so
7f3f1b0f7000-7f3f1b0f8000 r--p 00018000 00:2a 828250                     /usr/lib/libpthread-2.26.so
7f3f1b0f8000-7f3f1b0f9000 rw-p 00019000 00:2a 828250                     /usr/lib/libpthread-2.26.so
7f3f1b0f9000-7f3f1b0fd000 rw-p 00000000 00:00 0 
7f3f1b0fd000-7f3f1b122000 r-xp 00000000 00:2a 828144                     /usr/lib/ld-2.26.so
7f3f1b133000-7f3f1b134000 r--s 00000000 00:2a 90357                      /home/torben/.local/share/mime/mime.cache
7f3f1b134000-7f3f1b139000 r--s 0003b000 00:2a 579010                     /usr/lib/jvm/java-8-openjdk/jre/lib/ext/sunjce_provider.jar
7f3f1b139000-7f3f1b13b000 r--s 00008000 00:2a 578718                     /usr/lib/jvm/java-8-openjdk/jre/lib/ext/sunec.jar
7f3f1b13b000-7f3f1b13e000 r--s 00015000 00:2a 572678                     /usr/lib/jvm/java-8-openjdk/jre/lib/jce.jar
7f3f1b13e000-7f3f1b148000 r--s 00116000 00:2a 579349                     /usr/lib/jvm/java-8-openjdk/jre/lib/ext/localedata.jar
7f3f1b148000-7f3f1b1f1000 rw-p 00000000 00:00 0 
7f3f1b1f1000-7f3f1b1f2000 ---p 00000000 00:00 0 
7f3f1b1f2000-7f3f1b1f5000 ---p 00000000 00:00 0 
7f3f1b1f5000-7f3f1b2f6000 rw-p 00000000 00:00 0 
7f3f1b2f6000-7f3f1b2fb000 r--s 0009d000 00:2a 572248                     /usr/lib/jvm/java-8-openjdk/jre/lib/jsse.jar
7f3f1b2fb000-7f3f1b317000 r--s 00393000 00:2a 579263                     /usr/lib/jvm/java-8-openjdk/jre/lib/ext/cldrdata.jar
7f3f1b317000-7f3f1b31f000 rw-s 00000000 00:30 1450599                    /tmp/hsperfdata_torben/6741
7f3f1b31f000-7f3f1b320000 rw-p 00000000 00:00 0 
7f3f1b320000-7f3f1b321000 ---p 00000000 00:00 0 
7f3f1b321000-7f3f1b322000 r--p 00024000 00:2a 828144                     /usr/lib/ld-2.26.so
7f3f1b322000-7f3f1b323000 rw-p 00025000 00:2a 828144                     /usr/lib/ld-2.26.so
7f3f1b323000-7f3f1b324000 rw-p 00000000 00:00 0 
7ffc3bba2000-7ffc3bbc6000 rw-p 00000000 00:00 0                          [stack]
7ffc3bbdc000-7ffc3bbdf000 r--p 00000000 00:00 0                          [vvar]
7ffc3bbdf000-7ffc3bbe1000 r-xp 00000000 00:00 0                          [vdso]

VM Arguments:
java_command: /home/torben/cloud/data/private/project/personal/script/java/jdrivesync-0.4.3-jar-with-dependencies.jar --log-file /home/torben/.jdrivesync.log --checksum --local-dir /home/torben/.encryptedData/ --remote-dir data/ --authentication-file /home/torben/cloud/data/private/project/personal/config/web/googleDrive/authenticationToken.txt --ignore-file /home/torben/cloud/data/private/project/personal/config/web/googleDrive/dataIgnore.txt --up
java_class_path (initial): /home/torben/cloud/data/private/project/personal/script/java/jdrivesync-0.4.3-jar-with-dependencies.jar
Launcher Type: SUN_STANDARD

Environment Variables:
PATH=/home/torben/myRoot/usr/bin:/home/torben/cloud/data/private/project/personal/script/linux/bash/maintained/:/usr/local/sbin:/usr/local/bin:/usr/bin:/usr/lib/jvm/default/bin:/usr/bin/site_perl:/usr/bin/vendor_perl:/usr/bin/core_perl
SHELL=/usr/bin/bash
DISPLAY=:0.0

Signal Handlers:
SIGSEGV: [libjvm.so+0xa9e370], sa_mask[0]=11111111011111111101111111111110, sa_flags=SA_RESTART|SA_SIGINFO
SIGBUS: [libjvm.so+0xa9e370], sa_mask[0]=11111111011111111101111111111110, sa_flags=SA_RESTART|SA_SIGINFO
SIGFPE: [libjvm.so+0x8d66a0], sa_mask[0]=11111111011111111101111111111110, sa_flags=SA_RESTART|SA_SIGINFO
SIGPIPE: SIG_IGN, sa_mask[0]=00000000000010000000000000000000, sa_flags=SA_RESTART
SIGXFSZ: [libjvm.so+0x8d66a0], sa_mask[0]=11111111011111111101111111111110, sa_flags=SA_RESTART|SA_SIGINFO
SIGILL: [libjvm.so+0x8d66a0], sa_mask[0]=11111111011111111101111111111110, sa_flags=SA_RESTART|SA_SIGINFO
SIGUSR1: SIG_DFL, sa_mask[0]=00000000000000000000000000000000, sa_flags=none
SIGUSR2: [libjvm.so+0x8d6550], sa_mask[0]=00000000000000000000000000000000, sa_flags=SA_RESTART|SA_SIGINFO
SIGHUP: [libjvm.so+0x8d6a00], sa_mask[0]=11111111011111111101111111111110, sa_flags=SA_RESTART|SA_SIGINFO
SIGINT: [libjvm.so+0x8d6a00], sa_mask[0]=11111111011111111101111111111110, sa_flags=SA_RESTART|SA_SIGINFO
SIGTERM: [libjvm.so+0x8d6a00], sa_mask[0]=11111111011111111101111111111110, sa_flags=SA_RESTART|SA_SIGINFO
SIGQUIT: [libjvm.so+0x8d6a00], sa_mask[0]=11111111011111111101111111111110, sa_flags=SA_RESTART|SA_SIGINFO


---------------  S Y S T E M  ---------------

OS:NAME="Arch Linux"
PRETTY_NAME="Arch Linux"
ID=arch
ID_LIKE=archlinux
ANSI_COLOR="0;36"
HOME_URL="https://www.archlinux.org/"
SUPPORT_URL="https://bbs.archlinux.org/"
BUG_REPORT_URL="https://bugs.archlinux.org/"

uname:Linux 4.15.6-1-ARCH #1 SMP PREEMPT Sun Feb 25 12:53:23 UTC 2018 x86_64
libc:glibc 2.26 NPTL 2.26 
rlimit: STACK 8192k, CORE infinity, NPROC 63307, NOFILE 4096, AS infinity
load average:2,46 2,12 1,67

/proc/meminfo:
MemTotal:       16274160 kB
MemFree:          529088 kB
MemAvailable:   12233468 kB
Buffers:            2136 kB
Cached:         11390336 kB
SwapCached:            0 kB
Active:          9447344 kB
Inactive:        4826204 kB
Active(anon):    2712336 kB
Inactive(anon):   557564 kB
Active(file):    6735008 kB
Inactive(file):  4268640 kB
Unevictable:          48 kB
Mlocked:              48 kB
SwapTotal:             0 kB
SwapFree:              0 kB
Dirty:             31164 kB
Writeback:             0 kB
AnonPages:       2881332 kB
Mapped:           493968 kB
Shmem:            750496 kB
Slab:            1231640 kB
SReclaimable:    1042968 kB
SUnreclaim:       188672 kB
KernelStack:       12448 kB
PageTables:        48648 kB
NFS_Unstable:          0 kB
Bounce:                0 kB
WritebackTmp:          0 kB
CommitLimit:     8137080 kB
Committed_AS:    8515676 kB
VmallocTotal:   34359738367 kB
VmallocUsed:           0 kB
VmallocChunk:          0 kB
HardwareCorrupted:     0 kB
AnonHugePages:         0 kB
ShmemHugePages:        0 kB
ShmemPmdMapped:        0 kB
HugePages_Total:       0
HugePages_Free:        0
HugePages_Rsvd:        0
HugePages_Surp:        0
Hugepagesize:       2048 kB
DirectMap4k:     3332000 kB
DirectMap2M:    13291520 kB
DirectMap1G:           0 kB


CPU:total 8 (initial active 8) (4 cores per cpu, 2 threads per core) family 6 model 158 stepping 9, cmov, cx8, fxsr, mmx, sse, sse2, sse3, ssse3, sse4.1, sse4.2, popcnt, avx, avx2, aes, clmul, erms, rtm, 3dnowpref, lzcnt, ht, tsc, tscinvbit, bmi1, bmi2, adx

/proc/cpuinfo:
processor	: 0
vendor_id	: GenuineIntel
cpu family	: 6
model		: 158
model name	: Intel(R) Core(TM) i7-7920HQ CPU @ 3.10GHz
stepping	: 9
microcode	: 0x5e
cpu MHz		: 3217.209
cache size	: 8192 KB
physical id	: 0
siblings	: 8
core id		: 0
cpu cores	: 4
apicid		: 0
initial apicid	: 0
fpu		: yes
fpu_exception	: yes
cpuid level	: 22
wp		: yes
flags		: fpu vme de pse tsc msr pae mce cx8 apic sep mtrr pge mca cmov pat pse36 clflush dts acpi mmx fxsr sse sse2 ss ht tm pbe syscall nx pdpe1gb rdtscp lm constant_tsc art arch_perfmon pebs bts rep_good nopl xtopology nonstop_tsc cpuid aperfmperf tsc_known_freq pni pclmulqdq dtes64 monitor ds_cpl vmx smx est tm2 ssse3 sdbg fma cx16 xtpr pdcm pcid sse4_1 sse4_2 x2apic movbe popcnt tsc_deadline_timer aes xsave avx f16c rdrand lahf_lm abm 3dnowprefetch cpuid_fault epb invpcid_single pti tpr_shadow vnmi flexpriority ept vpid fsgsbase tsc_adjust bmi1 hle avx2 smep bmi2 erms invpcid rtm mpx rdseed adx smap clflushopt intel_pt xsaveopt xsavec xgetbv1 xsaves dtherm ida arat pln pts hwp hwp_notify hwp_act_window hwp_epp
bugs		: cpu_meltdown spectre_v1 spectre_v2
bogomips	: 6192.00
clflush size	: 64
cache_alignment	: 64
address sizes	: 39 bits physical, 48 bits virtual
power management:

processor	: 1
vendor_id	: GenuineIntel
cpu family	: 6
model		: 158
model name	: Intel(R) Core(TM) i7-7920HQ CPU @ 3.10GHz
stepping	: 9
microcode	: 0x5e
cpu MHz		: 3221.743
cache size	: 8192 KB
physical id	: 0
siblings	: 8
core id		: 1
cpu cores	: 4
apicid		: 2
initial apicid	: 2
fpu		: yes
fpu_exception	: yes
cpuid level	: 22
wp		: yes
flags		: fpu vme de pse tsc msr pae mce cx8 apic sep mtrr pge mca cmov pat pse36 clflush dts acpi mmx fxsr sse sse2 ss ht tm pbe syscall nx pdpe1gb rdtscp lm constant_tsc art arch_perfmon pebs bts rep_good nopl xtopology nonstop_tsc cpuid aperfmperf tsc_known_freq pni pclmulqdq dtes64 monitor ds_cpl vmx smx est tm2 ssse3 sdbg fma cx16 xtpr pdcm pcid sse4_1 sse4_2 x2apic movbe popcnt tsc_deadline_timer aes xsave avx f16c rdrand lahf_lm abm 3dnowprefetch cpuid_fault epb invpcid_single pti tpr_shadow vnmi flexpriority ept vpid fsgsbase tsc_adjust bmi1 hle avx2 smep bmi2 erms invpcid rtm mpx rdseed adx smap clflushopt intel_pt xsaveopt xsavec xgetbv1 xsaves dtherm ida arat pln pts hwp hwp_notify hwp_act_window hwp_epp
bugs		: cpu_meltdown spectre_v1 spectre_v2
bogomips	: 6192.00
clflush size	: 64
cache_alignment	: 64
address sizes	: 39 bits physical, 48 bits virtual
power management:

processor	: 2
vendor_id	: GenuineIntel
cpu family	: 6
model		: 158
model name	: Intel(R) Core(TM) i7-7920HQ CPU @ 3.10GHz
stepping	: 9
microcode	: 0x5e
cpu MHz		: 3217.603
cache size	: 8192 KB
physical id	: 0
siblings	: 8
core id		: 2
cpu cores	: 4
apicid		: 4
initial apicid	: 4
fpu		: yes
fpu_exception	: yes
cpuid level	: 22
wp		: yes
flags		: fpu vme de pse tsc msr pae mce cx8 apic sep mtrr pge mca cmov pat pse36 clflush dts acpi mmx fxsr sse sse2 ss ht tm pbe syscall nx pdpe1gb rdtscp lm constant_tsc art arch_perfmon pebs bts rep_good nopl xtopology nonstop_tsc cpuid aperfmperf tsc_known_freq pni pclmulqdq dtes64 monitor ds_cpl vmx smx est tm2 ssse3 sdbg fma cx16 xtpr pdcm pcid sse4_1 sse4_2 x2apic movbe popcnt tsc_deadline_timer aes xsave avx f16c rdrand lahf_lm abm 3dnowprefetch cpuid_fault epb invpcid_single pti tpr_shadow vnmi flexpriority ept vpid fsgsbase tsc_adjust bmi1 hle avx2 smep bmi2 erms invpcid rtm mpx rdseed adx smap clflushopt intel_pt xsaveopt xsavec xgetbv1 xsaves dtherm ida arat pln pts hwp hwp_notify hwp_act_window hwp_epp
bugs		: cpu_meltdown spectre_v1 spectre_v2
bogomips	: 6192.00
clflush size	: 64
cache_alignment	: 64
address sizes	: 39 bits physical, 48 bits virtual
power management:

processor	: 3
vendor_id	: GenuineIntel
cpu family	: 6
model		: 158
model name	: Intel(R) Core(TM) i7-7920HQ CPU @ 3.10GHz
stepping	: 9
microcode	: 0x5e
cpu MHz		: 3228.443
cache size	: 8192 KB
physical id	: 0
siblings	: 8
core id		: 3
cpu cores	: 4
apicid		: 6
initial apicid	: 6
fpu		: yes
fpu_exception	: yes
cpuid level	: 22
wp		: yes
flags		: fpu vme de pse tsc msr pae mce cx8 apic sep mtrr pge mca cmov pat pse36 clflush dts acpi mmx fxsr sse sse2 ss ht tm pbe syscall nx pdpe1gb rdtscp lm constant_tsc art arch_perfmon pebs bts rep_good nopl xtopology nonstop_tsc cpuid aperfmperf tsc_known_freq pni pclmulqdq dtes64 monitor ds_cpl vmx smx est tm2 ssse3 sdbg fma cx16 xtpr pdcm pcid sse4_1 sse4_2 x2apic movbe popcnt tsc_deadline_timer aes xsave avx f16c rdrand lahf_lm abm 3dnowprefetch cpuid_fault epb invpcid_single pti tpr_shadow vnmi flexpriority ept vpid fsgsbase tsc_adjust bmi1 hle avx2 smep bmi2 erms invpcid rtm mpx rdseed adx smap clflushopt intel_pt xsaveopt xsavec xgetbv1 xsaves dtherm ida arat pln pts hwp hwp_notify hwp_act_window hwp_epp
bugs		: cpu_meltdown spectre_v1 spectre_v2
bogomips	: 6192.00
clflush size	: 64
cache_alignment	: 64
address sizes	: 39 bits physical, 48 bits virtual
power management:

processor	: 4
vendor_id	: GenuineIntel
cpu family	: 6
model		: 158
model name	: Intel(R) Core(TM) i7-7920HQ CPU @ 3.10GHz
stepping	: 9
microcode	: 0x5e
cpu MHz		: 3232.598
cache size	: 8192 KB
physical id	: 0
siblings	: 8
core id		: 0
cpu cores	: 4
apicid		: 1
initial apicid	: 1
fpu		: yes
fpu_exception	: yes
cpuid level	: 22
wp		: yes
flags		: fpu vme de pse tsc msr pae mce cx8 apic sep mtrr pge mca cmov pat pse36 clflush dts acpi mmx fxsr sse sse2 ss ht tm pbe syscall nx pdpe1gb rdtscp lm constant_tsc art arch_perfmon pebs bts rep_good nopl xtopology nonstop_tsc cpuid aperfmperf tsc_known_freq pni pclmulqdq dtes64 monitor ds_cpl vmx smx est tm2 ssse3 sdbg fma cx16 xtpr pdcm pcid sse4_1 sse4_2 x2apic movbe popcnt tsc_deadline_timer aes xsave avx f16c rdrand lahf_lm abm 3dnowprefetch cpuid_fault epb invpcid_single pti tpr_shadow vnmi flexpriority ept vpid fsgsbase tsc_adjust bmi1 hle avx2 smep bmi2 erms invpcid rtm mpx rdseed adx smap clflushopt intel_pt xsaveopt xsavec xgetbv1 xsaves dtherm ida arat pln pts hwp hwp_notify hwp_act_window hwp_epp
bugs		: cpu_meltdown spectre_v1 spectre_v2
bogomips	: 6192.00
clflush size	: 64
cache_alignment	: 64
address sizes	: 39 bits physical, 48 bits virtual
power management:

processor	: 5
vendor_id	: GenuineIntel
cpu family	: 6
model		: 158
model name	: Intel(R) Core(TM) i7-7920HQ CPU @ 3.10GHz
stepping	: 9
microcode	: 0x5e
cpu MHz		: 3235.755
cache size	: 8192 KB
physical id	: 0
siblings	: 8
core id		: 1
cpu cores	: 4
apicid		: 3
initial apicid	: 3
fpu		: yes
fpu_exception	: yes
cpuid level	: 22
wp		: yes
flags		: fpu vme de pse tsc msr pae mce cx8 apic sep mtrr pge mca cmov pat pse36 clflush dts acpi mmx fxsr sse sse2 ss ht tm pbe syscall nx pdpe1gb rdtscp lm constant_tsc art arch_perfmon pebs bts rep_good nopl xtopology nonstop_tsc cpuid aperfmperf tsc_known_freq pni pclmulqdq dtes64 monitor ds_cpl vmx smx est tm2 ssse3 sdbg fma cx16 xtpr pdcm pcid sse4_1 sse4_2 x2apic movbe popcnt tsc_deadline_timer aes xsave avx f16c rdrand lahf_lm abm 3dnowprefetch cpuid_fault epb invpcid_single pti tpr_shadow vnmi flexpriority ept vpid fsgsbase tsc_adjust bmi1 hle avx2 smep bmi2 erms invpcid rtm mpx rdseed adx smap clflushopt intel_pt xsaveopt xsavec xgetbv1 xsaves dtherm ida arat pln pts hwp hwp_notify hwp_act_window hwp_epp
bugs		: cpu_meltdown spectre_v1 spectre_v2
bogomips	: 6192.00
clflush size	: 64
cache_alignment	: 64
address sizes	: 39 bits physical, 48 bits virtual
power management:

processor	: 6
vendor_id	: GenuineIntel
cpu family	: 6
model		: 158
model name	: Intel(R) Core(TM) i7-7920HQ CPU @ 3.10GHz
stepping	: 9
microcode	: 0x5e
cpu MHz		: 3238.953
cache size	: 8192 KB
physical id	: 0
siblings	: 8
core id		: 2
cpu cores	: 4
apicid		: 5
initial apicid	: 5
fpu		: yes
fpu_exception	: yes
cpuid level	: 22
wp		: yes
flags		: fpu vme de pse tsc msr pae mce cx8 apic sep mtrr pge mca cmov pat pse36 clflush dts acpi mmx fxsr sse sse2 ss ht tm pbe syscall nx pdpe1gb rdtscp lm constant_tsc art arch_perfmon pebs bts rep_good nopl xtopology nonstop_tsc cpuid aperfmperf tsc_known_freq pni pclmulqdq dtes64 monitor ds_cpl vmx smx est tm2 ssse3 sdbg fma cx16 xtpr pdcm pcid sse4_1 sse4_2 x2apic movbe popcnt tsc_deadline_timer aes xsave avx f16c rdrand lahf_lm abm 3dnowprefetch cpuid_fault epb invpcid_single pti tpr_shadow vnmi flexpriority ept vpid fsgsbase tsc_adjust bmi1 hle avx2 smep bmi2 erms invpcid rtm mpx rdseed adx smap clflushopt intel_pt xsaveopt xsavec xgetbv1 xsaves dtherm ida arat pln pts hwp hwp_notify hwp_act_window hwp_epp
bugs		: cpu_meltdown spectre_v1 spectre_v2
bogomips	: 6192.00
clflush size	: 64
cache_alignment	: 64
address sizes	: 39 bits physical, 48 bits virtual
power management:

processor	: 7
vendor_id	: GenuineIntel
cpu family	: 6
model		: 158
model name	: Intel(R) Core(TM) i7-7920HQ CPU @ 3.10GHz
stepping	: 9
microcode	: 0x5e
cpu MHz		: 3234.122
cache size	: 8192 KB
physical id	: 0
siblings	: 8
core id		: 3
cpu cores	: 4
apicid		: 7
initial apicid	: 7
fpu		: yes
fpu_exception	: yes
cpuid level	: 22
wp		: yes
flags		: fpu vme de pse tsc msr pae mce cx8 apic sep mtrr pge mca cmov pat pse36 clflush dts acpi mmx fxsr sse sse2 ss ht tm pbe syscall nx pdpe1gb rdtscp lm constant_tsc art arch_perfmon pebs bts rep_good nopl xtopology nonstop_tsc cpuid aperfmperf tsc_known_freq pni pclmulqdq dtes64 monitor ds_cpl vmx smx est tm2 ssse3 sdbg fma cx16 xtpr pdcm pcid sse4_1 sse4_2 x2apic movbe popcnt tsc_deadline_timer aes xsave avx f16c rdrand lahf_lm abm 3dnowprefetch cpuid_fault epb invpcid_single pti tpr_shadow vnmi flexpriority ept vpid fsgsbase tsc_adjust bmi1 hle avx2 smep bmi2 erms invpcid rtm mpx rdseed adx smap clflushopt intel_pt xsaveopt xsavec xgetbv1 xsaves dtherm ida arat pln pts hwp hwp_notify hwp_act_window hwp_epp
bugs		: cpu_meltdown spectre_v1 spectre_v2
bogomips	: 6192.00
clflush size	: 64
cache_alignment	: 64
address sizes	: 39 bits physical, 48 bits virtual
power management:



Memory: 4k page, physical 16274160k(528220k free), swap 0k(0k free)

vm_info: OpenJDK 64-Bit Server VM (25.162-b12) for linux-amd64 JRE (1.8.0_162-b12), built on Feb 27 2018 12:14:51 by "builduser" with gcc 7.3.0

time: Thu Mar  1 17:37:16 2018
elapsed time: 667 seconds (0d 0h 11m 7s)

